# JRE version: OpenJDK Runtime Environment (8.0_152-b06) (build 1.8.0_152-release-1136-b06)
# Java VM: OpenJDK 64-Bit Server VM (25.152-b06 mixed mode windows-amd64 compressed oops)
Heap:
 PSYoungGen      total 264192K, used 143335K [0x00000000e0000000, 0x00000000f6400000, 0x0000000100000000)
  eden space 240640K, 55% used [0x00000000e0000000,0x00000000e83907b8,0x00000000eeb00000)
  from space 23552K, 36% used [0x00000000eeb00000,0x00000000ef369460,0x00000000f0200000)
  to   space 23552K, 0% used [0x00000000f4d00000,0x00000000f4d00000,0x00000000f6400000)
 ParOldGen       total 399872K, used 33482K [0x00000000a0000000, 0x00000000b8680000, 0x00000000e0000000)
  object space 399872K, 8% used [0x00000000a0000000,0x00000000a20b2910,0x00000000b8680000)
 Metaspace       used 65877K, capacity 67780K, committed 67864K, reserved 1107968K
  class space    used 8747K, capacity 9207K, committed 9264K, reserved 1048576K
GC Heap History (10 events):
Event: 16.261 GC heap before
{Heap before GC invocations=8 (full 2):
 PSYoungGen      total 156672K, used 156664K [0x00000000e0000000, 0x00000000eda00000, 0x0000000100000000)
  eden space 140288K, 100% used [0x00000000e0000000,0x00000000e8900000,0x00000000e8900000)
  from space 16384K, 99% used [0x00000000e8900000,0x00000000e98fe058,0x00000000e9900000)
  to   space 16384K, 0% used [0x00000000eca00000,0x00000000eca00000,0x00000000eda00000)
 ParOldGen       total 269312K, used 17571K [0x00000000a0000000, 0x00000000b0700000, 0x00000000e0000000)
  object space 269312K, 6% used [0x00000000a0000000,0x00000000a1128e58,0x00000000b0700000)
 Metaspace       used 55548K, capacity 57190K, committed 57384K, reserved 1099776K
  class space    used 7559K, capacity 7952K, committed 7984K, reserved 1048576K
Event: 16.290 GC heap after
Heap after GC invocations=8 (full 2):
 PSYoungGen      total 201216K, used 16365K [0x00000000e0000000, 0x00000000ee580000, 0x0000000100000000)
  eden space 184832K, 0% used [0x00000000e0000000,0x00000000e0000000,0x00000000eb480000)
  from space 16384K, 99% used [0x00000000eca00000,0x00000000ed9fb530,0x00000000eda00000)
  to   space 22016K, 0% used [0x00000000eb480000,0x00000000eb480000,0x00000000eca00000)
 ParOldGen       total 269312K, used 24415K [0x00000000a0000000, 0x00000000b0700000, 0x00000000e0000000)
  object space 269312K, 9% used [0x00000000a0000000,0x00000000a17d7dc0,0x00000000b0700000)
 Metaspace       used 55548K, capacity 57190K, committed 57384K, reserved 1099776K
  class space    used 7559K, capacity 7952K, committed 7984K, reserved 1048576K
}
Event: 19.294 GC heap before
{Heap before GC invocations=9 (full 2):
 PSYoungGen      total 201216K, used 101594K [0x00000000e0000000, 0x00000000ee580000, 0x0000000100000000)
  eden space 184832K, 46% used [0x00000000e0000000,0x00000000e533b680,0x00000000eb480000)
  from space 16384K, 99% used [0x00000000eca00000,0x00000000ed9fb530,0x00000000eda00000)
  to   space 22016K, 0% used [0x00000000eb480000,0x00000000eb480000,0x00000000eca00000)
 ParOldGen       total 269312K, used 24415K [0x00000000a0000000, 0x00000000b0700000, 0x00000000e0000000)
  object space 269312K, 9% used [0x00000000a0000000,0x00000000a17d7dc0,0x00000000b0700000)
 Metaspace       used 57489K, capacity 59058K, committed 59160K, reserved 1099776K
  class space    used 7778K, capacity 8160K, committed 8240K, reserved 1048576K
Event: 19.318 GC heap after
Heap after GC invocations=9 (full 2):
 PSYoungGen      total 206848K, used 20031K [0x00000000e0000000, 0x00000000f2580000, 0x0000000100000000)
  eden space 184832K, 0% used [0x00000000e0000000,0x00000000e0000000,0x00000000eb480000)
  from space 22016K, 90% used [0x00000000eb480000,0x00000000ec80fca0,0x00000000eca00000)
  to   space 24064K, 0% used [0x00000000f0e00000,0x00000000f0e00000,0x00000000f2580000)
 ParOldGen       total 269312K, used 24423K [0x00000000a0000000, 0x00000000b0700000, 0x00000000e0000000)
  object space 269312K, 9% used [0x00000000a0000000,0x00000000a17d9dc0,0x00000000b0700000)
 Metaspace       used 57489K, capacity 59058K, committed 59160K, reserved 1099776K
  class space    used 7778K, capacity 8160K, committed 8240K, reserved 1048576K
}
Event: 19.318 GC heap before
{Heap before GC invocations=10 (full 3):
 PSYoungGen      total 206848K, used 20031K [0x00000000e0000000, 0x00000000f2580000, 0x0000000100000000)
  eden space 184832K, 0% used [0x00000000e0000000,0x00000000e0000000,0x00000000eb480000)
  from space 22016K, 90% used [0x00000000eb480000,0x00000000ec80fca0,0x00000000eca00000)
  to   space 24064K, 0% used [0x00000000f0e00000,0x00000000f0e00000,0x00000000f2580000)
 ParOldGen       total 269312K, used 24423K [0x00000000a0000000, 0x00000000b0700000, 0x00000000e0000000)
  object space 269312K, 9% used [0x00000000a0000000,0x00000000a17d9dc0,0x00000000b0700000)
 Metaspace       used 57489K, capacity 59058K, committed 59160K, reserved 1099776K
  class space    used 7778K, capacity 8160K, committed 8240K, reserved 1048576K
Event: 19.650 GC heap after
Heap after GC invocations=10 (full 3):
 PSYoungGen      total 206848K, used 0K [0x00000000e0000000, 0x00000000f2580000, 0x0000000100000000)
  eden space 184832K, 0% used [0x00000000e0000000,0x00000000e0000000,0x00000000eb480000)
  from space 22016K, 0% used [0x00000000eb480000,0x00000000eb480000,0x00000000eca00000)
  to   space 24064K, 0% used [0x00000000f0e00000,0x00000000f0e00000,0x00000000f2580000)
 ParOldGen       total 399872K, used 33466K [0x00000000a0000000, 0x00000000b8680000, 0x00000000e0000000)
  object space 399872K, 8% used [0x00000000a0000000,0x00000000a20ae910,0x00000000b8680000)
 Metaspace       used 57489K, capacity 59058K, committed 59160K, reserved 1099776K
  class space    used 7778K, capacity 8160K, committed 8240K, reserved 1048576K
}
Event: 28.186 GC heap before
{Heap before GC invocations=11 (full 3):
 PSYoungGen      total 206848K, used 184073K [0x00000000e0000000, 0x00000000f2580000, 0x0000000100000000)
  eden space 184832K, 99% used [0x00000000e0000000,0x00000000eb3c2538,0x00000000eb480000)
  from space 22016K, 0% used [0x00000000eb480000,0x00000000eb480000,0x00000000eca00000)
  to   space 24064K, 0% used [0x00000000f0e00000,0x00000000f0e00000,0x00000000f2580000)
 ParOldGen       total 399872K, used 33466K [0x00000000a0000000, 0x00000000b8680000, 0x00000000e0000000)
  object space 399872K, 8% used [0x00000000a0000000,0x00000000a20ae910,0x00000000b8680000)
 Metaspace       used 65133K, capacity 66910K, committed 66968K, reserved 1107968K
  class space    used 8666K, capacity 9120K, committed 9136K, reserved 1048576K
Event: 28.200 GC heap after
Heap after GC invocations=11 (full 3):
 PSYoungGen      total 238080K, used 11150K [0x00000000e0000000, 0x00000000f1900000, 0x0000000100000000)
  eden space 226816K, 0% used [0x00000000e0000000,0x00000000e0000000,0x00000000edd80000)
  from space 11264K, 98% used [0x00000000f0e00000,0x00000000f18e3b18,0x00000000f1900000)
  to   space 23552K, 0% used [0x00000000eeb00000,0x00000000eeb00000,0x00000000f0200000)
 ParOldGen       total 399872K, used 33474K [0x00000000a0000000, 0x00000000b8680000, 0x00000000e0000000)
  object space 399872K, 8% used [0x00000000a0000000,0x00000000a20b0910,0x00000000b8680000)
 Metaspace       used 65133K, capacity 66910K, committed 66968K, reserved 1107968K
  class space    used 8666K, capacity 9120K, committed 9136K, reserved 1048576K
}
Event: 28.257 GC heap before
{Heap before GC invocations=12 (full 3):
 PSYoungGen      total 238080K, used 237702K [0x00000000e0000000, 0x00000000f1900000, 0x0000000100000000)
  eden space 226816K, 99% used [0x00000000e0000000,0x00000000edd3deb8,0x00000000edd80000)
  from space 11264K, 98% used [0x00000000f0e00000,0x00000000f18e3b18,0x00000000f1900000)
  to   space 23552K, 0% used [0x00000000eeb00000,0x00000000eeb00000,0x00000000f0200000)
 ParOldGen       total 399872K, used 33474K [0x00000000a0000000, 0x00000000b8680000, 0x00000000e0000000)
  object space 399872K, 8% used [0x00000000a0000000,0x00000000a20b0910,0x00000000b8680000)
 Metaspace       used 65147K, capacity 66974K, committed 67224K, reserved 1107968K
  class space    used 8666K, capacity 9120K, committed 9136K, reserved 1048576K
Event: 28.267 GC heap after
Heap after GC invocations=12 (full 3):
 PSYoungGen      total 264192K, used 8613K [0x00000000e0000000, 0x00000000f6400000, 0x0000000100000000)
  eden space 240640K, 0% used [0x00000000e0000000,0x00000000e0000000,0x00000000eeb00000)
  from space 23552K, 36% used [0x00000000eeb00000,0x00000000ef369460,0x00000000f0200000)
  to   space 23552K, 0% used [0x00000000f4d00000,0x00000000f4d00000,0x00000000f6400000)
 ParOldGen       total 399872K, used 33482K [0x00000000a0000000, 0x00000000b8680000, 0x00000000e0000000)
  object space 399872K, 8% used [0x00000000a0000000,0x00000000a20b2910,0x00000000b8680000)
 Metaspace       used 65147K, capacity 66974K, committed 67224K, reserved 1107968K
  class space    used 8666K, capacity 9120K, committed 9136K, reserved 1048576K
}

